# JRE version: OpenJDK Runtime Environment Corretto-17.0.5.8.1 (17.0.5+8) (build 17.0.5+8-LTS)
# Java VM: OpenJDK 64-Bit Server VM Corretto-17.0.5.8.1 (17.0.5+8-LTS, mixed mode, emulated-client, sharing, tiered, compressed oops, compressed class ptrs, g1 gc, bsd-amd64)
GC Precious Log:
 CPUs: 4 total, 4 available
 Memory: 8192M
 Large Page Support: Disabled
 NUMA Support: Disabled
 Compressed Oops: Enabled (Zero based)
 Heap Region Size: 1M
 Heap Min Capacity: 8M
 Heap Initial Capacity: 128M
 Heap Max Capacity: 2G
 Pre-touch: Disabled
 Parallel Workers: 4
 Concurrent Workers: 1
 Concurrent Refinement Workers: 4
 Periodic GC: Disabled
Heap:
 garbage-first heap   total 75776K, used 51200K [0x0000000780000000, 0x0000000800000000)
  region size 1024K, 25 young (25600K), 2 survivors (2048K)
 Metaspace       used 67381K, committed 67968K, reserved 1114112K
  class space    used 9680K, committed 9984K, reserved 1048576K
GC Heap History (20 events):
Event: 5.072 GC heap before
{Heap before GC invocations=5 (full 0):
 garbage-first heap   total 58368K, used 41662K [0x0000000780000000, 0x0000000800000000)
  region size 1024K, 34 young (34816K), 7 survivors (7168K)
 Metaspace       used 25728K, committed 26112K, reserved 1073152K
  class space    used 3630K, committed 3776K, reserved 1048576K
}
Event: 5.091 GC heap after
{Heap after GC invocations=6 (full 0):
 garbage-first heap   total 58368K, used 16451K [0x0000000780000000, 0x0000000800000000)
  region size 1024K, 3 young (3072K), 3 survivors (3072K)
 Metaspace       used 25728K, committed 26112K, reserved 1073152K
  class space    used 3630K, committed 3776K, reserved 1048576K
}
Event: 5.110 GC heap before
{Heap before GC invocations=6 (full 0):
 garbage-first heap   total 58368K, used 16451K [0x0000000780000000, 0x0000000800000000)
  region size 1024K, 4 young (4096K), 3 survivors (3072K)
 Metaspace       used 25935K, committed 26304K, reserved 1073152K
  class space    used 3647K, committed 3776K, reserved 1048576K
}
Event: 5.118 GC heap after
{Heap after GC invocations=7 (full 0):
 garbage-first heap   total 58368K, used 17012K [0x0000000780000000, 0x0000000800000000)
  region size 1024K, 1 young (1024K), 1 survivors (1024K)
 Metaspace       used 25935K, committed 26304K, reserved 1073152K
  class space    used 3647K, committed 3776K, reserved 1048576K
}
Event: 5.736 GC heap before
{Heap before GC invocations=7 (full 0):
 garbage-first heap   total 58368K, used 40564K [0x0000000780000000, 0x0000000800000000)
  region size 1024K, 24 young (24576K), 1 survivors (1024K)
 Metaspace       used 30729K, committed 31232K, reserved 1081344K
  class space    used 4307K, committed 4544K, reserved 1048576K
}
Event: 5.743 GC heap after
{Heap after GC invocations=8 (full 0):
 garbage-first heap   total 58368K, used 17971K [0x0000000780000000, 0x0000000800000000)
  region size 1024K, 2 young (2048K), 2 survivors (2048K)
 Metaspace       used 30729K, committed 31232K, reserved 1081344K
  class space    used 4307K, committed 4544K, reserved 1048576K
}
Event: 6.406 GC heap before
{Heap before GC invocations=8 (full 0):
 garbage-first heap   total 58368K, used 36403K [0x0000000780000000, 0x0000000800000000)
  region size 1024K, 21 young (21504K), 2 survivors (2048K)
 Metaspace       used 35554K, committed 35968K, reserved 1081344K
  class space    used 5089K, committed 5312K, reserved 1048576K
}
Event: 6.411 GC heap after
{Heap after GC invocations=9 (full 0):
 garbage-first heap   total 113664K, used 19167K [0x0000000780000000, 0x0000000800000000)
  region size 1024K, 3 young (3072K), 3 survivors (3072K)
 Metaspace       used 35554K, committed 35968K, reserved 1081344K
  class space    used 5089K, committed 5312K, reserved 1048576K
}
Event: 7.941 GC heap before
{Heap before GC invocations=10 (full 0):
 garbage-first heap   total 75776K, used 61151K [0x0000000780000000, 0x0000000800000000)
  region size 1024K, 44 young (45056K), 3 survivors (3072K)
 Metaspace       used 49512K, committed 49984K, reserved 1097728K
  class space    used 7013K, committed 7232K, reserved 1048576K
}
Event: 7.952 GC heap after
{Heap after GC invocations=11 (full 0):
 garbage-first heap   total 75776K, used 22274K [0x0000000780000000, 0x0000000800000000)
  region size 1024K, 6 young (6144K), 6 survivors (6144K)
 Metaspace       used 49512K, committed 49984K, reserved 1097728K
  class space    used 7013K, committed 7232K, reserved 1048576K
}
Event: 8.011 GC heap before
{Heap before GC invocations=11 (full 0):
 garbage-first heap   total 75776K, used 23298K [0x0000000780000000, 0x0000000800000000)
  region size 1024K, 7 young (7168K), 6 survivors (6144K)
 Metaspace       used 50264K, committed 50688K, reserved 1097728K
  class space    used 7084K, committed 7296K, reserved 1048576K
}
Event: 8.020 GC heap after
{Heap after GC invocations=12 (full 0):
 garbage-first heap   total 75776K, used 22752K [0x0000000780000000, 0x0000000800000000)
  region size 1024K, 1 young (1024K), 1 survivors (1024K)
 Metaspace       used 50264K, committed 50688K, reserved 1097728K
  class space    used 7084K, committed 7296K, reserved 1048576K
}
Event: 9.032 GC heap before
{Heap before GC invocations=12 (full 0):
 garbage-first heap   total 75776K, used 56544K [0x0000000780000000, 0x0000000800000000)
  region size 1024K, 34 young (34816K), 1 survivors (1024K)
 Metaspace       used 58001K, committed 58496K, reserved 1105920K
  class space    used 8283K, committed 8512K, reserved 1048576K
}
Event: 9.037 GC heap after
{Heap after GC invocations=13 (full 0):
 garbage-first heap   total 75776K, used 24075K [0x0000000780000000, 0x0000000800000000)
  region size 1024K, 3 young (3072K), 3 survivors (3072K)
 Metaspace       used 58001K, committed 58496K, reserved 1105920K
  class space    used 8283K, committed 8512K, reserved 1048576K
}
Event: 12.758 GC heap before
{Heap before GC invocations=14 (full 0):
 garbage-first heap   total 75776K, used 56843K [0x0000000780000000, 0x0000000800000000)
  region size 1024K, 35 young (35840K), 3 survivors (3072K)
 Metaspace       used 61061K, committed 61568K, reserved 1105920K
  class space    used 8806K, committed 9024K, reserved 1048576K
}
Event: 12.772 GC heap after
{Heap after GC invocations=15 (full 0):
 garbage-first heap   total 75776K, used 27003K [0x0000000780000000, 0x0000000800000000)
  region size 1024K, 5 young (5120K), 5 survivors (5120K)
 Metaspace       used 61061K, committed 61568K, reserved 1105920K
  class space    used 8806K, committed 9024K, reserved 1048576K
}
Event: 16.212 GC heap before
{Heap before GC invocations=15 (full 0):
 garbage-first heap   total 75776K, used 27003K [0x0000000780000000, 0x0000000800000000)
  region size 1024K, 6 young (6144K), 5 survivors (5120K)
 Metaspace       used 61479K, committed 62016K, reserved 1105920K
  class space    used 8848K, committed 9088K, reserved 1048576K
}
Event: 16.221 GC heap after
{Heap after GC invocations=16 (full 0):
 garbage-first heap   total 75776K, used 27546K [0x0000000780000000, 0x0000000800000000)
  region size 1024K, 1 young (1024K), 1 survivors (1024K)
 Metaspace       used 61479K, committed 62016K, reserved 1105920K
  class space    used 8848K, committed 9088K, reserved 1048576K
}
Event: 2287.623 GC heap before
{Heap before GC invocations=16 (full 0):
 garbage-first heap   total 75776K, used 56218K [0x0000000780000000, 0x0000000800000000)
  region size 1024K, 30 young (30720K), 1 survivors (1024K)
 Metaspace       used 67365K, committed 67904K, reserved 1114112K
  class space    used 9677K, committed 9920K, reserved 1048576K
}
Event: 2287.668 GC heap after
{Heap after GC invocations=17 (full 0):
 garbage-first heap   total 75776K, used 28672K [0x0000000780000000, 0x0000000800000000)
  region size 1024K, 2 young (2048K), 2 survivors (2048K)
 Metaspace       used 67365K, committed 67904K, reserved 1114112K
  class space    used 9677K, committed 9920K, reserved 1048576K
}

